{"logTime": "0514/110652", "correlationVector":"IITq8JUAs7N6VBSCuMmZxl.1","action":"SyncServerConnectionManagerRequest", "result":"SYNC_SERVER_OK", "context":{"environment":"Prod_brazilsouth_prod-s01-001-sam-brazilsouth", "migrationStage":"NotStarted", "server":"akswtt210000002"}}
{"logTime": "0514/110654", "correlationVector":"IITq8JUAs7N6VBSCuMmZxl.2","action":"AAD.Mip.Unpack", "result":"Success", "context":MIP_CLOUD_COMMERCIAL:Success}
{"logTime": "0514/110654", "correlationVector":"IITq8JUAs7N6VBSCuMmZxl.3","action":"EncryptionKeysManager::SetEncryptionKeys:", "result":"Success", "context":Key names[5]:[g9Jl4IxYMJ53W3dSSSkmV4y6aL6cnTZ0/z2E1WHI8+TGJDGhjK7nwuGCwgrXNqtYvlXxPgHy+8Kt4TjUlY7+EQ==][2IX5W+95b91kGTzHmX+IHEbT79S5lWIa/LlrQsc7pXHUy0N5o8kVjv1xWXnYJNdyJNVU78z5iaxd6ESrYAxZjw==][+Ia9h3a5trzS/IC59bbFoM+EO7yyPLt++eSOopyTTcmyiLwlC3noN0fcSQPgo7YEdGHEWQ/1jqruJmL56s0EkA==][qw9jJnof0GUxTZx+4cRcZzzFIbXtBSaUrQ8nbimP0HuPT2Q6mUzBXFzU+xdoHUVunle2PZWnZaAASvYr0b67uQ==][OpvrqghyvkHW8gkXMHwzyWnSZyxNDu0IvXt8mC5y2fQWB4XS7ksvYYtimBDA7G2ZlYApusw7L+5L5J5Ay1phhw==]}
{"logTime": "0514/110654", "correlationVector":"IITq8JUAs7N6VBSCuMmZxl.4","action":"AAD.GetKeyResponse", "result":"Success", "context":Keys=5.LastKeyStatus=Active. 2025-02-17 09:39:35 -03.State=None. Tags: Current_encryption_keys_tag = Nk8z77+9Pu+/ve+/ve+/vSLvv73vv73vv73vv73JgHYR77+9De+/ve+/vTNp77+977+9Bj1IHSse77+9, Updated_current_encryption_keys_tag = Empty. Emails: ["gabriel.veloso@minaslaser.ind.br"]}
{"logTime": "0514/110654", "correlationVector":"IITq8JUAs7N6VBSCuMmZxl.5","action":"ProcessGetUpdates", "result":"Done", "context":{"dataType":"Encryption Keys", "deleted":"0", "process_failed_to_decrypt":"0", "process_pending_decryption":"0", "process_success":"1", "total":"1"}}
{"logTime": "0514/110654", "correlationVector":"IITq8JUAs7N6VBSCuMmZxl","action":"Initial GetUpdates", "result":"", "context":Reason: NEW_CLIENT. cV=IITq8JUAs7N6VBSCuMmZxl}
{"logTime": "0514/110654", "correlationVector":"IITq8JUAs7N6VBSCuMmZxl.6","action":"GetUpdates Response", "result":"Success", "context":Received 1 update(s). cV=IITq8JUAs7N6VBSCuMmZxl.0;server=akswtt210000002;cloudType=Multitenant;environment=Prod_brazilsouth_prod-s01-001-sam-brazilsouth;migrationStage=NotStarted}
{"logTime": "0514/110655", "correlationVector":"TMDfk7yym+V1wIvRKkcT0+","action":"Initial GetUpdates", "result":"", "context":Reason: NEW_CLIENT. cV=TMDfk7yym+V1wIvRKkcT0+}
{"logTime": "0514/110656", "correlationVector":"TMDfk7yym+V1wIvRKkcT0+.1","action":"SyncServerConnectionManagerRequest", "result":"SYNC_SERVER_OK", "context":{"environment":"Prod_brazilsouth_prod-s01-001-sam-brazilsouth", "migrationStage":"NotStarted", "server":"akswtt21000000c"}}
{"logTime": "0514/110656", "correlationVector":"TMDfk7yym+V1wIvRKkcT0+.2","action":"ProcessGetUpdates", "result":"Done", "context":{"dataType":"Preferences", "deleted":"0", "process_failed_to_decrypt":"0", "process_pending_decryption":"0", "process_success":"73", "total":"73"}}
{"logTime": "0514/110656", "correlationVector":"TMDfk7yym+V1wIvRKkcT0+.3","action":"ProcessGetUpdates", "result":"Done", "context":{"dataType":"Passwords", "deleted":"0", "process_failed_to_decrypt":"0", "process_pending_decryption":"0", "process_success":"35", "total":"35"}}
{"logTime": "0514/110656", "correlationVector":"TMDfk7yym+V1wIvRKkcT0+.4","action":"ProcessGetUpdates", "result":"Done", "context":{"dataType":"Device Info", "deleted":"0", "process_failed_to_decrypt":"0", "process_pending_decryption":"0", "process_success":"16", "total":"16"}}
{"logTime": "0514/110656", "correlationVector":"TMDfk7yym+V1wIvRKkcT0+.5","action":"GetUpdates Response", "result":"Success", "context":Received 124 update(s). cV=TMDfk7yym+V1wIvRKkcT0+.0;server=akswtt21000000c;cloudType=Multitenant;environment=Prod_brazilsouth_prod-s01-001-sam-brazilsouth;migrationStage=NotStarted}
{"logTime": "0514/110656", "correlationVector":"8uisWouplxYwEfifETKKwK","action":"Initial GetUpdates", "result":"", "context":Reason: NEW_CLIENT. cV=8uisWouplxYwEfifETKKwK}
{"logTime": "0514/110656", "correlationVector":"8uisWouplxYwEfifETKKwK.1","action":"SyncServerConnectionManagerRequest", "result":"SYNC_SERVER_OK", "context":{"environment":"Prod_brazilsouth_prod-s01-001-sam-brazilsouth", "migrationStage":"NotStarted", "server":"akswtt210000002"}}
{"logTime": "0514/110656", "correlationVector":"8uisWouplxYwEfifETKKwK.2","action":"ProcessGetUpdates", "result":"Done", "context":{"dataType":"Bookmarks", "deleted":"0", "process_failed_to_decrypt":"0", "process_pending_decryption":"0", "process_success":"9", "total":"9"}}
{"logTime": "0514/110656", "correlationVector":"8uisWouplxYwEfifETKKwK.3","action":"GetUpdates Response", "result":"Success", "context":Received 9 update(s). cV=8uisWouplxYwEfifETKKwK.0;server=akswtt210000002;cloudType=Multitenant;environment=Prod_brazilsouth_prod-s01-001-sam-brazilsouth;migrationStage=NotStarted}
{"logTime": "0514/110656", "correlationVector":"+7Xrh/WmEH5rG2afdlraAT","action":"Initial GetUpdates", "result":"", "context":Reason: NEW_CLIENT. cV=+7Xrh/WmEH5rG2afdlraAT}
{"logTime": "0514/110657", "correlationVector":"+7Xrh/WmEH5rG2afdlraAT.1","action":"SyncServerConnectionManagerRequest", "result":"SYNC_SERVER_OK", "context":{"environment":"Prod_brazilsouth_prod-s01-001-sam-brazilsouth", "migrationStage":"NotStarted", "server":"akswtt21000000a"}}
{"logTime": "0514/110657", "correlationVector":"+7Xrh/WmEH5rG2afdlraAT.2","action":"ProcessGetUpdates", "result":"Done", "context":{"dataType":"Autofill Profiles", "deleted":"0", "process_failed_to_decrypt":"0", "process_pending_decryption":"0", "process_success":"27", "total":"27"}}
{"logTime": "0514/110657", "correlationVector":"+7Xrh/WmEH5rG2afdlraAT.3","action":"ProcessGetUpdates", "result":"Done", "context":{"dataType":"Autofill", "deleted":"0", "process_failed_to_decrypt":"0", "process_pending_decryption":"0", "process_success":"222", "total":"222"}}
{"logTime": "0514/110657", "correlationVector":"+7Xrh/WmEH5rG2afdlraAT.4","action":"GetUpdates Response", "result":"Success", "context":Received 249 update(s). cV=+7Xrh/WmEH5rG2afdlraAT.0;server=akswtt21000000a;cloudType=Multitenant;environment=Prod_brazilsouth_prod-s01-001-sam-brazilsouth;migrationStage=NotStarted Some updates remain.}
{"logTime": "0514/110657", "correlationVector":"7rrmwQX43ipQEVIvmMCwaO","action":"Initial GetUpdates", "result":"", "context":Reason: NEW_CLIENT. cV=7rrmwQX43ipQEVIvmMCwaO}
{"logTime": "0514/110657", "correlationVector":"7rrmwQX43ipQEVIvmMCwaO.1","action":"SyncServerConnectionManagerRequest", "result":"SYNC_SERVER_OK", "context":{"environment":"Prod_brazilsouth_prod-s01-001-sam-brazilsouth", "migrationStage":"NotStarted", "server":"akswtt210000003"}}
{"logTime": "0514/110657", "correlationVector":"7rrmwQX43ipQEVIvmMCwaO.2","action":"ProcessGetUpdates", "result":"Done", "context":{"dataType":"Autofill", "deleted":"0", "process_failed_to_decrypt":"0", "process_pending_decryption":"0", "process_success":"250", "total":"250"}}
{"logTime": "0514/110657", "correlationVector":"7rrmwQX43ipQEVIvmMCwaO.3","action":"GetUpdates Response", "result":"Success", "context":Received 250 update(s). cV=7rrmwQX43ipQEVIvmMCwaO.0;server=akswtt210000003;cloudType=Multitenant;environment=Prod_brazilsouth_prod-s01-001-sam-brazilsouth;migrationStage=NotStarted Some updates remain.}
{"logTime": "0514/110657", "correlationVector":"WNA+Ig2zuOggy0bdfay7uG","action":"Initial GetUpdates", "result":"", "context":Reason: NEW_CLIENT. cV=WNA+Ig2zuOggy0bdfay7uG}
{"logTime": "0514/110658", "correlationVector":"WNA+Ig2zuOggy0bdfay7uG.1","action":"SyncServerConnectionManagerRequest", "result":"SYNC_SERVER_OK", "context":{"environment":"Prod_brazilsouth_prod-s01-001-sam-brazilsouth", "migrationStage":"NotStarted", "server":"akswtt21000000c"}}
{"logTime": "0514/110658", "correlationVector":"WNA+Ig2zuOggy0bdfay7uG.2","action":"ProcessGetUpdates", "result":"Done", "context":{"dataType":"Autofill", "deleted":"0", "process_failed_to_decrypt":"0", "process_pending_decryption":"0", "process_success":"120", "total":"120"}}
{"logTime": "0514/110658", "correlationVector":"WNA+Ig2zuOggy0bdfay7uG.3","action":"ProcessGetUpdates", "result":"Done", "context":{"dataType":"Extensions", "deleted":"0", "process_failed_to_decrypt":"0", "process_pending_decryption":"0", "process_success":"2", "total":"2"}}
{"logTime": "0514/110658", "correlationVector":"WNA+Ig2zuOggy0bdfay7uG.4","action":"ProcessGetUpdates", "result":"Done", "context":{"dataType":"Sessions", "deleted":"0", "process_failed_to_decrypt":"0", "process_pending_decryption":"0", "process_success":"11", "total":"11"}}
{"logTime": "0514/110658", "correlationVector":"WNA+Ig2zuOggy0bdfay7uG.5","action":"ProcessGetUpdates", "result":"Done", "context":{"dataType":"Edge Hub App Usage", "deleted":"0", "process_failed_to_decrypt":"0", "process_pending_decryption":"0", "process_success":"14", "total":"14"}}
{"logTime": "0514/110658", "correlationVector":"WNA+Ig2zuOggy0bdfay7uG.6","action":"GetUpdates Response", "result":"Success", "context":Received 147 update(s). cV=WNA+Ig2zuOggy0bdfay7uG.0;server=akswtt21000000c;cloudType=Multitenant;environment=Prod_brazilsouth_prod-s01-001-sam-brazilsouth;migrationStage=NotStarted}
{"logTime": "0514/110658", "correlationVector":"Wzad83boK3eEjdqiQJqScJ","action":"Initial GetUpdates", "result":"", "context":Reason: NEW_CLIENT. cV=Wzad83boK3eEjdqiQJqScJ}
{"logTime": "0514/110658", "correlationVector":"Wzad83boK3eEjdqiQJqScJ.1","action":"SyncServerConnectionManagerRequest", "result":"SYNC_SERVER_OK", "context":{"environment":"Prod_brazilsouth_prod-s01-001-sam-brazilsouth", "migrationStage":"NotStarted", "server":"akswtt210000004"}}
{"logTime": "0514/110658", "correlationVector":"Wzad83boK3eEjdqiQJqScJ.2","action":"ProcessGetUpdates", "result":"Done", "context":{"dataType":"History", "deleted":"0", "process_failed_to_decrypt":"0", "process_pending_decryption":"0", "process_success":"47", "total":"47"}}
{"logTime": "0514/110658", "correlationVector":"Wzad83boK3eEjdqiQJqScJ.3","action":"GetUpdates Response", "result":"Success", "context":Received 47 update(s). cV=Wzad83boK3eEjdqiQJqScJ.0;server=akswtt210000004;cloudType=Multitenant;environment=Prod_brazilsouth_prod-s01-001-sam-brazilsouth;migrationStage=NotStarted}
{"logTime": "0514/110658", "correlationVector":"8lOfYY1BeifI4Ddq0DHM3E","action":"Normal GetUpdate request", "result":"", "context":cV=8lOfYY1BeifI4Ddq0DHM3E
Nudged types: Sessions, Device Info, User Consents
Refresh requested types: Bookmarks, Preferences, Passwords, Autofill Profiles, Autofill, Extensions, Sessions, Extension settings, History Delete Directives, Device Info, User Consents, Send Tab To Self, Web Apps, History, Saved Tab Group, Collection, Edge E Drop, Edge Hub App Usage, Edge Tab Group, Edge Wallet, Encryption Keys}
{"logTime": "0514/110658", "correlationVector":"8lOfYY1BeifI4Ddq0DHM3E.1","action":"SyncServerConnectionManagerRequest", "result":"SYNC_SERVER_OK", "context":{"environment":"Prod_brazilsouth_prod-s01-001-sam-brazilsouth", "migrationStage":"NotStarted", "server":"akswtt210000003"}}
{"logTime": "0514/110658", "correlationVector":"8lOfYY1BeifI4Ddq0DHM3E.2","action":"GetUpdates Response", "result":"Success", "context":Received 0 update(s). cV=8lOfYY1BeifI4Ddq0DHM3E.0;server=akswtt210000003;cloudType=Multitenant;environment=Prod_brazilsouth_prod-s01-001-sam-brazilsouth;migrationStage=NotStarted}
{"logTime": "0514/110658", "correlationVector":"BIif9P1/iAz+SBZLWLYYSt","action":"DoCompareDataConsistency requsted types: ", "result":"Bookmarks, Preferences, Passwords, Extensions, Extension settings, History Delete Directives, Send Tab To Self, Web Apps, History, Saved Tab Group, Collection, Edge E Drop, Edge Tab Group, Edge Wallet, Encryption Keys"}
{"logTime": "0514/110658", "correlationVector":"BIif9P1/iAz+SBZLWLYYSt.0","action":"CompareDataConsistency result: ", "result":"Compare result: Encryption Keys is consistent. local entities count is: 1 local entities hash is: wygNwbGqYb4m7g79QaTkCipj9vo="}
{"logTime": "0514/110658", "correlationVector":"BIif9P1/iAz+SBZLWLYYSt.1","action":"CompareDataConsistency result: ", "result":"Compare result: Bookmarks is consistent. local entities count is: 4 local entities hash is: QPtQcGBWSMa2NefT1eDRQeK3AkI="}
{"logTime": "0514/110658", "correlationVector":"BIif9P1/iAz+SBZLWLYYSt.2","action":"CompareDataConsistency result: ", "result":"Compare result: Preferences is consistent. local entities count is: 73 local entities hash is: 7VKcWJ/NqWg8eybPsfkO5EKPfYc="}
{"logTime": "0514/110658", "correlationVector":"BIif9P1/iAz+SBZLWLYYSt.3","action":"CompareDataConsistency result: ", "result":"Compare result: Passwords is consistent. local entities count is: 35 local entities hash is: 7ScV83DStoFTkcpmwfv5QtCiz28="}
{"logTime": "0514/110658", "correlationVector":"BIif9P1/iAz+SBZLWLYYSt.4","action":"CompareDataConsistency result: ", "result":"Compare result: Extensions is consistent. local entities count is: 2 local entities hash is: QH1LJS68C/JPwMuZh9mosbPAUro="}
{"logTime": "0514/110658", "correlationVector":"BIif9P1/iAz+SBZLWLYYSt.5","action":"CompareDataConsistency result: ", "result":"Compare result: Extension settings is consistent. local entities count is: 0 local entities hash is: "}
{"logTime": "0514/110658", "correlationVector":"BIif9P1/iAz+SBZLWLYYSt.6","action":"CompareDataConsistency result: ", "result":"Compare result: History Delete Directives is consistent. local entities count is: 0 local entities hash is: "}
{"logTime": "0514/110658", "correlationVector":"BIif9P1/iAz+SBZLWLYYSt.7","action":"CompareDataConsistency result: ", "result":"Server did not send this Send Tab To Self local entities count is: 0 local entities hash is: "}
{"logTime": "0514/110658", "correlationVector":"BIif9P1/iAz+SBZLWLYYSt.8","action":"CompareDataConsistency result: ", "result":"Compare result: Web Apps is consistent. local entities count is: 0 local entities hash is: "}
{"logTime": "0514/110658", "correlationVector":"BIif9P1/iAz+SBZLWLYYSt.9","action":"CompareDataConsistency result: ", "result":"Server did not send this History local entities count is: 0 local entities hash is: "}
{"logTime": "0514/110658", "correlationVector":"BIif9P1/iAz+SBZLWLYYSt.10","action":"CompareDataConsistency result: ", "result":"Compare result: Saved Tab Group is consistent. local entities count is: 0 local entities hash is: "}
{"logTime": "0514/110658", "correlationVector":"BIif9P1/iAz+SBZLWLYYSt.11","action":"CompareDataConsistency result: ", "result":"Compare result: Collection is consistent. local entities count is: 0 local entities hash is: "}
{"logTime": "0514/110658", "correlationVector":"BIif9P1/iAz+SBZLWLYYSt.12","action":"CompareDataConsistency result: ", "result":"Compare result: Edge E Drop is consistent. local entities count is: 0 local entities hash is: "}
{"logTime": "0514/110658", "correlationVector":"BIif9P1/iAz+SBZLWLYYSt.13","action":"CompareDataConsistency result: ", "result":"Compare result: Edge Tab Group is consistent. local entities count is: 0 local entities hash is: "}
{"logTime": "0514/110658", "correlationVector":"BIif9P1/iAz+SBZLWLYYSt.14","action":"CompareDataConsistency result: ", "result":"Compare result: Edge Wallet is consistent. local entities count is: 0 local entities hash is: "}
{"logTime": "0514/110658", "correlationVector":"tl+3QxiKs4kIZ6yNRI2oTf","action":"Commit Request", "result":"", "context":Item count: 4
Contributing types: Sessions, Device Info, User Consents}
{"logTime": "0514/110659", "correlationVector":"tl+3QxiKs4kIZ6yNRI2oTf.1","action":"SyncServerConnectionManagerRequest", "result":"SYNC_SERVER_OK", "context":{"environment":"Prod_brazilsouth_prod-s01-001-sam-brazilsouth", "migrationStage":"NotStarted", "server":"akswtt21000000g"}}
{"logTime": "0514/110659", "correlationVector":"tl+3QxiKs4kIZ6yNRI2oTf.2","action":"Commit Response", "result":"Success", "context":Result: Success. cV=tl+3QxiKs4kIZ6yNRI2oTf.0;server=akswtt21000000g;cloudType=Multitenant;environment=Prod_brazilsouth_prod-s01-001-sam-brazilsouth;migrationStage=NotStarted}
{"logTime": "0514/110659", "correlationVector":"","action":"DIAGNOSTIC_REQUEST|v1/diagnosticData/Diagnostic.SendCheckResult()|SUCCESS", "result":""}
{"logTime": "0514/110700", "correlationVector":"kz6hJ6IfVaSzj+knscDCjY","action":"Normal GetUpdate request", "result":"", "context":cV=kz6hJ6IfVaSzj+knscDCjY
Notified types: History}
{"logTime": "0514/110700", "correlationVector":"kz6hJ6IfVaSzj+knscDCjY.1","action":"SyncServerConnectionManagerRequest", "result":"SYNC_SERVER_OK", "context":{"environment":"Prod_brazilsouth_prod-s01-001-sam-brazilsouth", "migrationStage":"NotStarted", "server":"akswtt210000010"}}
{"logTime": "0514/110700", "correlationVector":"kz6hJ6IfVaSzj+knscDCjY.2","action":"ProcessGetUpdates", "result":"Done", "context":{"dataType":"Sessions", "deleted":"0", "process_failed_to_decrypt":"0", "process_pending_decryption":"0", "process_success":"3", "total":"3"}}
{"logTime": "0514/110700", "correlationVector":"kz6hJ6IfVaSzj+knscDCjY.3","action":"ProcessGetUpdates", "result":"Done", "context":{"dataType":"Device Info", "deleted":"0", "process_failed_to_decrypt":"0", "process_pending_decryption":"0", "process_success":"1", "total":"1"}}
{"logTime": "0514/110700", "correlationVector":"kz6hJ6IfVaSzj+knscDCjY.4","action":"ProcessGetUpdates", "result":"Done", "context":{"dataType":"History", "deleted":"0", "process_failed_to_decrypt":"0", "process_pending_decryption":"0", "process_success":"6", "total":"6"}}
{"logTime": "0514/110700", "correlationVector":"kz6hJ6IfVaSzj+knscDCjY.5","action":"GetUpdates Response", "result":"Success", "context":Received 10 update(s). cV=kz6hJ6IfVaSzj+knscDCjY.0;server=akswtt210000010;cloudType=Multitenant;environment=Prod_brazilsouth_prod-s01-001-sam-brazilsouth;migrationStage=NotStarted}
{"logTime": "0514/110703", "correlationVector":"kl9U9UaXpRzzTk4PcNoiTz","action":"Commit Request", "result":"", "context":Item count: 1
Contributing types: User Consents}
{"logTime": "0514/110703", "correlationVector":"kl9U9UaXpRzzTk4PcNoiTz.1","action":"SyncServerConnectionManagerRequest", "result":"SYNC_SERVER_OK", "context":{"environment":"Prod_brazilsouth_prod-s01-001-sam-brazilsouth", "migrationStage":"NotStarted", "server":"akswtt210000016"}}
{"logTime": "0514/110703", "correlationVector":"kl9U9UaXpRzzTk4PcNoiTz.2","action":"Commit Response", "result":"Success", "context":Result: Success. cV=kl9U9UaXpRzzTk4PcNoiTz.0;server=akswtt210000016;cloudType=Multitenant;environment=Prod_brazilsouth_prod-s01-001-sam-brazilsouth;migrationStage=NotStarted}
